<?xml version="1.0" encoding="UTF-8"?>
<testsuite name="umu.kwetter.message.MessageApplicationTests" tests="1" skipped="0" failures="0" errors="0" timestamp="2023-12-21T12:46:05" hostname="DESKTOP-EJ7VQN2" time="2.334">
  <properties/>
  <testcase name="contextLoads()" classname="umu.kwetter.message.MessageApplicationTests" time="2.334"/>
  <system-out><![CDATA[13:46:01.278 [Test worker] INFO org.springframework.test.context.support.AnnotationConfigContextLoaderUtils -- Could not detect default configuration classes for test class [umu.kwetter.message.MessageApplicationTests]: MessageApplicationTests does not declare any static, non-private, non-final, nested classes annotated with @Configuration.
13:46:01.395 [Test worker] INFO org.springframework.boot.test.context.SpringBootTestContextBootstrapper -- Found @SpringBootConfiguration umu.kwetter.message.MessageApplication for test class umu.kwetter.message.MessageApplicationTests

  .   ____          _            __ _ _
 /\\ / ___'_ __ _ _(_)_ __  __ _ \ \ \ \
( ( )\___ | '_ | '_| | '_ \/ _` | \ \ \ \
 \\/  ___)| |_)| | | | | || (_| |  ) ) ) )
  '  |____| .__|_| |_|_| |_\__, | / / / /
 =========|_|==============|___/=/_/_/_/
 :: Spring Boot ::                (v3.1.4)

2023-12-21T13:46:02.117+01:00  INFO 21320 --- [    Test worker] u.k.message.MessageApplicationTests      : Starting MessageApplicationTests using Java 21.0.1 with PID 21320 (started by Gebruiker in C:\Users\Gebruiker\Desktop\Kwetter\Message)
2023-12-21T13:46:02.118+01:00  INFO 21320 --- [    Test worker] u.k.message.MessageApplicationTests      : No active profile set, falling back to 1 default profile: "default"
2023-12-21T13:46:02.896+01:00  INFO 21320 --- [    Test worker] .s.d.r.c.RepositoryConfigurationDelegate : Bootstrapping Spring Data MongoDB repositories in DEFAULT mode.
2023-12-21T13:46:03.019+01:00  INFO 21320 --- [    Test worker] .s.d.r.c.RepositoryConfigurationDelegate : Finished Spring Data repository scanning in 116 ms. Found 1 MongoDB repository interfaces.
2023-12-21T13:46:03.700+01:00  INFO 21320 --- [poy.mongodb.net] org.mongodb.driver.cluster               : Adding discovered server ac-uuwk6uc-shard-00-00.ozxfpoy.mongodb.net:27017 to client view of cluster
2023-12-21T13:46:03.707+01:00  INFO 21320 --- [    Test worker] org.mongodb.driver.client                : MongoClient with metadata {"driver": {"name": "mongo-java-driver|sync|spring-boot", "version": "4.9.1"}, "os": {"type": "Windows", "name": "Windows 11", "architecture": "amd64", "version": "10.0"}, "platform": "Java/Oracle Corporation/21.0.1+12-29"} created with settings MongoClientSettings{readPreference=primary, writeConcern=WriteConcern{w=majority, wTimeout=null ms, journal=null}, retryWrites=true, retryReads=true, readConcern=ReadConcern{level=null}, credential=MongoCredential{mechanism=null, userName='dtomasila', source='admin', password=<hidden>, mechanismProperties=<hidden>}, streamFactoryFactory=null, commandListeners=[], codecRegistry=ProvidersCodecRegistry{codecProviders=[ValueCodecProvider{}, BsonValueCodecProvider{}, DBRefCodecProvider{}, DBObjectCodecProvider{}, DocumentCodecProvider{}, CollectionCodecProvider{}, IterableCodecProvider{}, MapCodecProvider{}, GeoJsonCodecProvider{}, GridFSFileCodecProvider{}, Jsr310CodecProvider{}, JsonObjectCodecProvider{}, BsonCodecProvider{}, EnumCodecProvider{}, com.mongodb.client.model.mql.ExpressionCodecProvider@8a6631b, com.mongodb.Jep395RecordCodecProvider@472d0f4]}, loggerSettings=LoggerSettings{maxDocumentLength=1000}, clusterSettings={hosts=[127.0.0.1:27017], srvHost=indvproject.ozxfpoy.mongodb.net, srvServiceName=mongodb, mode=MULTIPLE, requiredClusterType=REPLICA_SET, requiredReplicaSetName='atlas-ugc8gx-shard-0', serverSelector='null', clusterListeners='[]', serverSelectionTimeout='30000 ms', localThreshold='30000 ms'}, socketSettings=SocketSettings{connectTimeoutMS=10000, readTimeoutMS=0, receiveBufferSize=0, sendBufferSize=0}, heartbeatSocketSettings=SocketSettings{connectTimeoutMS=10000, readTimeoutMS=10000, receiveBufferSize=0, sendBufferSize=0}, connectionPoolSettings=ConnectionPoolSettings{maxSize=100, minSize=0, maxWaitTimeMS=120000, maxConnectionLifeTimeMS=0, maxConnectionIdleTimeMS=0, maintenanceInitialDelayMS=0, maintenanceFrequencyMS=60000, connectionPoolListeners=[], maxConnecting=2}, serverSettings=ServerSettings{heartbeatFrequencyMS=10000, minHeartbeatFrequencyMS=500, serverListeners='[]', serverMonitorListeners='[]'}, sslSettings=SslSettings{enabled=true, invalidHostNameAllowed=false, context=null}, applicationName='null', compressorList=[], uuidRepresentation=JAVA_LEGACY, serverApi=null, autoEncryptionSettings=null, contextProvider=null}
2023-12-21T13:46:03.753+01:00  INFO 21320 --- [poy.mongodb.net] org.mongodb.driver.cluster               : Adding discovered server ac-uuwk6uc-shard-00-02.ozxfpoy.mongodb.net:27017 to client view of cluster
2023-12-21T13:46:03.754+01:00  INFO 21320 --- [poy.mongodb.net] org.mongodb.driver.cluster               : Adding discovered server ac-uuwk6uc-shard-00-01.ozxfpoy.mongodb.net:27017 to client view of cluster
2023-12-21T13:46:04.673+01:00  INFO 21320 --- [ngodb.net:27017] org.mongodb.driver.cluster               : Monitor thread successfully connected to server with description ServerDescription{address=ac-uuwk6uc-shard-00-01.ozxfpoy.mongodb.net:27017, type=REPLICA_SET_SECONDARY, state=CONNECTED, ok=true, minWireVersion=0, maxWireVersion=17, maxDocumentSize=16777216, logicalSessionTimeoutMinutes=30, roundTripTimeNanos=479833500, setName='atlas-ugc8gx-shard-0', canonicalAddress=ac-uuwk6uc-shard-00-01.ozxfpoy.mongodb.net:27017, hosts=[ac-uuwk6uc-shard-00-00.ozxfpoy.mongodb.net:27017, ac-uuwk6uc-shard-00-02.ozxfpoy.mongodb.net:27017, ac-uuwk6uc-shard-00-01.ozxfpoy.mongodb.net:27017], passives=[], arbiters=[], primary='ac-uuwk6uc-shard-00-02.ozxfpoy.mongodb.net:27017', tagSet=TagSet{[Tag{name='availabilityZone', value='europe-west1-c'}, Tag{name='nodeType', value='ELECTABLE'}, Tag{name='provider', value='GCP'}, Tag{name='region', value='WESTERN_EUROPE'}, Tag{name='workloadType', value='OPERATIONAL'}]}, electionId=null, setVersion=9, topologyVersion=TopologyVersion{processId=658316703914afef68242254, counter=3}, lastWriteDate=Thu Dec 21 13:46:06 CET 2023, lastUpdateTimeNanos=18796770521700}
2023-12-21T13:46:04.674+01:00  INFO 21320 --- [ngodb.net:27017] org.mongodb.driver.cluster               : Monitor thread successfully connected to server with description ServerDescription{address=ac-uuwk6uc-shard-00-00.ozxfpoy.mongodb.net:27017, type=REPLICA_SET_SECONDARY, state=CONNECTED, ok=true, minWireVersion=0, maxWireVersion=17, maxDocumentSize=16777216, logicalSessionTimeoutMinutes=30, roundTripTimeNanos=479911100, setName='atlas-ugc8gx-shard-0', canonicalAddress=ac-uuwk6uc-shard-00-00.ozxfpoy.mongodb.net:27017, hosts=[ac-uuwk6uc-shard-00-00.ozxfpoy.mongodb.net:27017, ac-uuwk6uc-shard-00-02.ozxfpoy.mongodb.net:27017, ac-uuwk6uc-shard-00-01.ozxfpoy.mongodb.net:27017], passives=[], arbiters=[], primary='ac-uuwk6uc-shard-00-02.ozxfpoy.mongodb.net:27017', tagSet=TagSet{[Tag{name='availabilityZone', value='europe-west1-b'}, Tag{name='nodeType', value='ELECTABLE'}, Tag{name='provider', value='GCP'}, Tag{name='region', value='WESTERN_EUROPE'}, Tag{name='workloadType', value='OPERATIONAL'}]}, electionId=null, setVersion=9, topologyVersion=TopologyVersion{processId=658312414dc68c13242c5132, counter=4}, lastWriteDate=Thu Dec 21 13:46:06 CET 2023, lastUpdateTimeNanos=18796770519300}
2023-12-21T13:46:04.804+01:00  INFO 21320 --- [ngodb.net:27017] org.mongodb.driver.cluster               : Monitor thread successfully connected to server with description ServerDescription{address=ac-uuwk6uc-shard-00-02.ozxfpoy.mongodb.net:27017, type=REPLICA_SET_PRIMARY, state=CONNECTED, ok=true, minWireVersion=0, maxWireVersion=17, maxDocumentSize=16777216, logicalSessionTimeoutMinutes=30, roundTripTimeNanos=630051600, setName='atlas-ugc8gx-shard-0', canonicalAddress=ac-uuwk6uc-shard-00-02.ozxfpoy.mongodb.net:27017, hosts=[ac-uuwk6uc-shard-00-00.ozxfpoy.mongodb.net:27017, ac-uuwk6uc-shard-00-02.ozxfpoy.mongodb.net:27017, ac-uuwk6uc-shard-00-01.ozxfpoy.mongodb.net:27017], passives=[], arbiters=[], primary='ac-uuwk6uc-shard-00-02.ozxfpoy.mongodb.net:27017', tagSet=TagSet{[Tag{name='availabilityZone', value='europe-west1-d'}, Tag{name='nodeType', value='ELECTABLE'}, Tag{name='provider', value='GCP'}, Tag{name='region', value='WESTERN_EUROPE'}, Tag{name='workloadType', value='OPERATIONAL'}]}, electionId=7fffffff0000000000000281, setVersion=9, topologyVersion=TopologyVersion{processId=65831471b3279a52f4e7a265, counter=6}, lastWriteDate=Thu Dec 21 13:46:07 CET 2023, lastUpdateTimeNanos=18796920669100}
2023-12-21T13:46:04.807+01:00  INFO 21320 --- [ngodb.net:27017] org.mongodb.driver.cluster               : Discovered replica set primary ac-uuwk6uc-shard-00-02.ozxfpoy.mongodb.net:27017 with max election id 7fffffff0000000000000281 and max set version 9
2023-12-21T13:46:05.358+01:00  INFO 21320 --- [    Test worker] u.k.message.MessageApplicationTests      : Started MessageApplicationTests in 3.579 seconds (process running for 5.719)
]]></system-out>
  <system-err><![CDATA[WARNING: A Java agent has been loaded dynamically (C:\Users\Gebruiker\.gradle\caches\modules-2\files-2.1\net.bytebuddy\byte-buddy-agent\1.14.8\ae6ebe485f3bcd0a1e20241488a32e6400a501ef\byte-buddy-agent-1.14.8.jar)
WARNING: If a serviceability tool is in use, please run with -XX:+EnableDynamicAgentLoading to hide this warning
WARNING: If a serviceability tool is not in use, please run with -Djdk.instrument.traceUsage for more information
WARNING: Dynamic loading of agents will be disallowed by default in a future release
]]></system-err>
</testsuite>
